<?xml version="1.0" encoding="UTF-8"?>
<!-- Generated by org.testng.reporters.JUnitXMLReporter -->
<testsuite ignored="0" hostname="Ivaan" failures="2" tests="3" name="Test" time="19.772" errors="0" timestamp="2023-09-15T20:15:38 IST">
  <testcase classname="hooks.BaseClass" name="@AfterMethod tearDown" time="0.111">
    <failure type="java.lang.NullPointerException" message="Cannot invoke &amp;quot;com.aventstack.extentreports.ExtentReports.flush()&amp;quot; because &amp;quot;reports.ExtentReportManager.extent&amp;quot; is null">
      <![CDATA[java.lang.NullPointerException: Cannot invoke "com.aventstack.extentreports.ExtentReports.flush()" because "reports.ExtentReportManager.extent" is null
at reports.ExtentReportManager.flushReport(ExtentReportManager.java:31)
at hooks.BaseClass.tearDown(BaseClass.java:58)
at java.base/java.util.ArrayList.forEach(ArrayList.java:1511)
... Removed 32 stack frames]]>
    </failure>
  </testcase> <!-- @AfterMethod tearDown -->
  <testcase classname="hooks.BaseClass" name="@BeforeMethod initialSetUp" time="-1.694789128372E9">
    <skipped/>
  </testcase> <!-- @BeforeMethod initialSetUp -->
  <testcase classname="hooks.BaseClass" name="@AfterMethod tearDown" time="-1.694789128381E9">
    <skipped/>
  </testcase> <!-- @AfterMethod tearDown -->
  <testcase classname="hooks.BaseClass" name="@AfterMethod tearDown" time="0.102">
    <failure type="java.lang.NullPointerException" message="Cannot invoke &amp;quot;com.aventstack.extentreports.ExtentReports.flush()&amp;quot; because &amp;quot;reports.ExtentReportManager.extent&amp;quot; is null">
      <![CDATA[java.lang.NullPointerException: Cannot invoke "com.aventstack.extentreports.ExtentReports.flush()" because "reports.ExtentReportManager.extent" is null
at reports.ExtentReportManager.flushReport(ExtentReportManager.java:31)
at hooks.BaseClass.tearDown(BaseClass.java:58)
at java.base/java.util.ArrayList.forEach(ArrayList.java:1511)
... Removed 32 stack frames]]>
    </failure>
  </testcase> <!-- @AfterMethod tearDown -->
  <testcase classname="tests.TC1_ValidateLogin_Positive" name="loginPHP" time="5.076">
    <failure type="java.lang.NullPointerException" message="Cannot invoke &amp;quot;com.aventstack.extentreports.ExtentReports.createTest(String)&amp;quot; because &amp;quot;reports.ExtentReportManager.extent&amp;quot; is null">
      <![CDATA[java.lang.NullPointerException: Cannot invoke "com.aventstack.extentreports.ExtentReports.createTest(String)" because "reports.ExtentReportManager.extent" is null
at reports.ExtentReportManager.createTest(ExtentReportManager.java:22)
at tests.TC1_ValidateLogin_Positive.loginPHP(TC1_ValidateLogin_Positive.java:22)
at java.base/java.util.ArrayList.forEach(ArrayList.java:1511)
... Removed 27 stack frames]]>
    </failure>
  </testcase> <!-- loginPHP -->
  <testcase classname="tests.TC1_ValidateLogin_Positive" name="loginPHP" time="0.001">
    <skipped/>
  </testcase> <!-- loginPHP -->
  <testcase classname="tests.TC2_ValidateLogin_Negative" name="validateNegativeLogin" time="5.188">
    <failure type="java.lang.NullPointerException" message="Cannot invoke &amp;quot;com.aventstack.extentreports.ExtentReports.createTest(String)&amp;quot; because &amp;quot;reports.ExtentReportManager.extent&amp;quot; is null">
      <![CDATA[java.lang.NullPointerException: Cannot invoke "com.aventstack.extentreports.ExtentReports.createTest(String)" because "reports.ExtentReportManager.extent" is null
at reports.ExtentReportManager.createTest(ExtentReportManager.java:22)
at tests.TC2_ValidateLogin_Negative.validateNegativeLogin(TC2_ValidateLogin_Negative.java:22)
at java.base/java.util.ArrayList.forEach(ArrayList.java:1511)
... Removed 27 stack frames]]>
    </failure>
  </testcase> <!-- validateNegativeLogin -->
</testsuite> <!-- Test -->
