<?xml version="1.0" encoding="UTF-8"?>
<!-- Generated by org.testng.reporters.JUnitXMLReporter -->
<testsuite ignored="0" hostname="Ivaan" failures="2" tests="2" name="Test" time="43.08" errors="0" timestamp="2023-09-15T08:39:00 IST">
  <testcase classname="hooks.BaseClass" name="@AfterMethod tearDown" time="0.186">
    <failure type="java.lang.NullPointerException" message="Cannot invoke &amp;quot;com.aventstack.extentreports.ExtentReports.flush()&amp;quot; because &amp;quot;reports.ExtentReportManager.extent&amp;quot; is null">
      <![CDATA[java.lang.NullPointerException: Cannot invoke "com.aventstack.extentreports.ExtentReports.flush()" because "reports.ExtentReportManager.extent" is null
at reports.ExtentReportManager.flushReport(ExtentReportManager.java:31)
at hooks.BaseClass.tearDown(BaseClass.java:50)
at java.base/java.util.ArrayList.forEach(ArrayList.java:1511)
... Removed 32 stack frames]]>
    </failure>
  </testcase> <!-- @AfterMethod tearDown -->
  <testcase classname="hooks.BaseClass" name="@AfterMethod tearDown" time="0.207">
    <failure type="java.lang.NullPointerException" message="Cannot invoke &amp;quot;com.aventstack.extentreports.ExtentReports.flush()&amp;quot; because &amp;quot;reports.ExtentReportManager.extent&amp;quot; is null">
      <![CDATA[java.lang.NullPointerException: Cannot invoke "com.aventstack.extentreports.ExtentReports.flush()" because "reports.ExtentReportManager.extent" is null
at reports.ExtentReportManager.flushReport(ExtentReportManager.java:31)
at hooks.BaseClass.tearDown(BaseClass.java:50)
at java.base/java.util.ArrayList.forEach(ArrayList.java:1511)
... Removed 32 stack frames]]>
    </failure>
  </testcase> <!-- @AfterMethod tearDown -->
  <testcase classname="tests.TC1_ValidateLogin_Positive" name="loginPHP" time="6.222">
    <failure type="java.lang.NullPointerException" message="Cannot invoke &amp;quot;com.aventstack.extentreports.ExtentReports.createTest(String)&amp;quot; because &amp;quot;reports.ExtentReportManager.extent&amp;quot; is null">
      <![CDATA[java.lang.NullPointerException: Cannot invoke "com.aventstack.extentreports.ExtentReports.createTest(String)" because "reports.ExtentReportManager.extent" is null
at reports.ExtentReportManager.createTest(ExtentReportManager.java:22)
at tests.TC1_ValidateLogin_Positive.loginPHP(TC1_ValidateLogin_Positive.java:22)
at java.base/java.util.ArrayList.forEach(ArrayList.java:1511)
... Removed 27 stack frames]]>
    </failure>
  </testcase> <!-- loginPHP -->
  <testcase classname="tests.TC2_ValidateLogin_Negative" name="validateNegativeLogin" time="6.762">
    <failure type="java.lang.NullPointerException" message="Cannot invoke &amp;quot;com.aventstack.extentreports.ExtentReports.createTest(String)&amp;quot; because &amp;quot;reports.ExtentReportManager.extent&amp;quot; is null">
      <![CDATA[java.lang.NullPointerException: Cannot invoke "com.aventstack.extentreports.ExtentReports.createTest(String)" because "reports.ExtentReportManager.extent" is null
at reports.ExtentReportManager.createTest(ExtentReportManager.java:22)
at tests.TC2_ValidateLogin_Negative.validateNegativeLogin(TC2_ValidateLogin_Negative.java:22)
at java.base/java.util.ArrayList.forEach(ArrayList.java:1511)
... Removed 27 stack frames]]>
    </failure>
  </testcase> <!-- validateNegativeLogin -->
</testsuite> <!-- Test -->
