<?xml version="1.0" encoding="UTF-8"?>
<testng-results ignored="0" total="2" passed="2" failed="0" skipped="0">
  <reporter-output>
  </reporter-output>
  <suite started-at="2023-09-14T20:18:06 IST" name="Suite" finished-at="2023-09-14T20:18:24 IST" duration-ms="17919">
    <groups>
    </groups>
    <test started-at="2023-09-14T20:18:06 IST" name="Test" finished-at="2023-09-14T20:18:24 IST" duration-ms="17919">
      <class name="tests.TC2_ValidateLogin_Negative">
        <test-method is-config="true" signature="readProperties()[pri:0, instance:tests.TC2_ValidateLogin_Negative@21282ed8]" started-at="2023-09-14T20:18:15 IST" name="readProperties" finished-at="2023-09-14T20:18:15 IST" duration-ms="0" status="PASS">
          <reporter-output>
          </reporter-output>
        </test-method> <!-- readProperties -->
        <test-method is-config="true" signature="initialSetUp()[pri:0, instance:tests.TC2_ValidateLogin_Negative@21282ed8]" started-at="2023-09-14T20:18:15 IST" name="initialSetUp" finished-at="2023-09-14T20:18:20 IST" duration-ms="4260" status="PASS">
          <reporter-output>
          </reporter-output>
        </test-method> <!-- initialSetUp -->
        <test-method signature="validateNegativeLogin()[pri:0, instance:tests.TC2_ValidateLogin_Negative@21282ed8]" started-at="2023-09-14T20:18:20 IST" name="validateNegativeLogin" finished-at="2023-09-14T20:18:24 IST" duration-ms="4186" status="PASS">
          <reporter-output>
          </reporter-output>
        </test-method> <!-- validateNegativeLogin -->
        <test-method is-config="true" signature="tearDown()[pri:0, instance:tests.TC2_ValidateLogin_Negative@21282ed8]" started-at="2023-09-14T20:18:24 IST" name="tearDown" finished-at="2023-09-14T20:18:24 IST" duration-ms="82" status="PASS">
          <reporter-output>
          </reporter-output>
        </test-method> <!-- tearDown -->
      </class> <!-- tests.TC2_ValidateLogin_Negative -->
      <class name="tests.TC1_ValidateLogin_Positive">
        <test-method is-config="true" signature="readProperties()[pri:0, instance:tests.TC1_ValidateLogin_Positive@1de5f259]" started-at="2023-09-14T20:18:06 IST" name="readProperties" finished-at="2023-09-14T20:18:06 IST" duration-ms="6" status="PASS">
          <reporter-output>
          </reporter-output>
        </test-method> <!-- readProperties -->
        <test-method is-config="true" signature="initialSetUp()[pri:0, instance:tests.TC1_ValidateLogin_Positive@1de5f259]" started-at="2023-09-14T20:18:06 IST" name="initialSetUp" finished-at="2023-09-14T20:18:11 IST" duration-ms="5348" status="PASS">
          <reporter-output>
          </reporter-output>
        </test-method> <!-- initialSetUp -->
        <test-method signature="loginPHP()[pri:0, instance:tests.TC1_ValidateLogin_Positive@1de5f259]" started-at="2023-09-14T20:18:11 IST" name="loginPHP" finished-at="2023-09-14T20:18:15 IST" duration-ms="3857" status="PASS">
          <reporter-output>
          </reporter-output>
        </test-method> <!-- loginPHP -->
        <test-method is-config="true" signature="tearDown()[pri:0, instance:tests.TC1_ValidateLogin_Positive@1de5f259]" started-at="2023-09-14T20:18:15 IST" name="tearDown" finished-at="2023-09-14T20:18:15 IST" duration-ms="141" status="PASS">
          <reporter-output>
          </reporter-output>
        </test-method> <!-- tearDown -->
      </class> <!-- tests.TC1_ValidateLogin_Positive -->
    </test> <!-- Test -->
  </suite> <!-- Suite -->
</testng-results>
